Command line:
   DAC_MEM_TB2_isim_beh.exe
     -simmode  gui
     -simrunnum  0
     -socket  49293

Sun May 03 23:10:06 2015


 Elaboration Time: 0.078001 sec

 Current Memory Usage: 654.729 Meg

 Total Signals          : 16
 Total Nets             : 42
 Total Signal Drivers   : 7
 Total Blocks           : 4
 Total Primitive Blocks : 3
 Total Processes        : 4
 Total Traceable Variables  : 18
 Total Scalar Nets and Variables : 49681
Total Line Count : 31

 Total Simulation Time: 0.171601 sec

 Current Memory Usage: 969.302 Meg

Sun May 03 23:10:42 2015

