Command line:
   OctalBus_TB_isim_beh.exe
     -simmode  gui
     -simrunnum  0
     -socket  57863

Wed Mar 04 02:17:58 2015


 Elaboration Time: 0.296402 sec

 Current Memory Usage: 669.86 Meg

 Total Signals          : 8
 Total Nets             : 18
 Total Signal Drivers   : 6
 Total Blocks           : 3
 Total Primitive Blocks : 2
 Total Processes        : 3
 Total Traceable Variables  : 8
 Total Scalar Nets and Variables : 378
Total Line Count : 22

 Total Simulation Time: 0.296402 sec

 Current Memory Usage: 669.86 Meg

Wed Mar 04 02:18:24 2015

