--------------------------------------------------------------------------------
Release 14.7 Trace  (nt)
Copyright (c) 1995-2013 Xilinx, Inc.  All rights reserved.

C:\Xilinx\14.7\ISE_DS\ISE\bin\nt\unwrapped\trce.exe -intstyle ise -v 3 -s 2 -n
3 -fastpaths -xml Decodificador7SegHex.twx Decodificador7SegHex.ncd -o
Decodificador7SegHex.twr Decodificador7SegHex.pcf

Design file:              Decodificador7SegHex.ncd
Physical constraint file: Decodificador7SegHex.pcf
Device,package,speed:     xc6slx16,csg324,C,-2 (PRODUCTION 1.23 2013-10-13)
Report level:             verbose report

Environment Variable      Effect 
--------------------      ------ 
NONE                      No environment variables were set
--------------------------------------------------------------------------------

INFO:Timing:2698 - No timing constraints found, doing default enumeration.
INFO:Timing:3412 - To improve timing, see the Timing Closure User Guide (UG612).
INFO:Timing:2752 - To get complete path coverage, use the unconstrained paths 
   option. All paths that are not constrained will be reported in the 
   unconstrained paths section(s) of the report.
INFO:Timing:3339 - The clock-to-out numbers in this timing report are based on 
   a 50 Ohm transmission line loading model.  For the details of this model, 
   and for more information on accounting for different loading conditions, 
   please see the device datasheet.



Data Sheet report:
-----------------
All values displayed in nanoseconds (ns)

Pad to Pad
---------------+---------------+---------+
Source Pad     |Destination Pad|  Delay  |
---------------+---------------+---------+
ABCD<0>        |despliegue<0>  |    8.585|
ABCD<0>        |despliegue<1>  |    9.036|
ABCD<0>        |despliegue<2>  |    8.864|
ABCD<0>        |despliegue<3>  |    8.878|
ABCD<0>        |despliegue<4>  |    9.031|
ABCD<0>        |despliegue<5>  |    8.615|
ABCD<0>        |despliegue<6>  |    8.854|
ABCD<1>        |despliegue<0>  |    8.634|
ABCD<1>        |despliegue<1>  |    8.738|
ABCD<1>        |despliegue<2>  |    8.913|
ABCD<1>        |despliegue<3>  |    8.571|
ABCD<1>        |despliegue<4>  |    8.733|
ABCD<1>        |despliegue<5>  |    8.905|
ABCD<1>        |despliegue<6>  |    8.547|
ABCD<2>        |despliegue<0>  |    8.249|
ABCD<2>        |despliegue<1>  |    8.644|
ABCD<2>        |despliegue<2>  |    8.528|
ABCD<2>        |despliegue<3>  |    8.436|
ABCD<2>        |despliegue<4>  |    8.639|
ABCD<2>        |despliegue<5>  |    8.107|
ABCD<2>        |despliegue<6>  |    8.412|
ABCD<3>        |despliegue<0>  |    8.541|
ABCD<3>        |despliegue<1>  |    8.474|
ABCD<3>        |despliegue<2>  |    8.820|
ABCD<3>        |despliegue<3>  |    8.288|
ABCD<3>        |despliegue<4>  |    8.469|
ABCD<3>        |despliegue<5>  |    8.327|
ABCD<3>        |despliegue<6>  |    8.264|
---------------+---------------+---------+


Analysis completed Fri Feb 27 11:50:22 2015 
--------------------------------------------------------------------------------

Trace Settings:
-------------------------
Trace Settings 

Peak Memory Usage: 152 MB



